c:\users\ilias chronopoulos\desktop\airace\project1\project1\x64\debug\vc143.pdb
c:\users\ilias chronopoulos\desktop\airace\project1\project1\x64\debug\vc143.idb
c:\users\ilias chronopoulos\desktop\airace\project1\project1\x64\debug\projectile.obj
c:\users\ilias chronopoulos\desktop\airace\project1\project1\x64\debug\powerup.obj
c:\users\ilias chronopoulos\desktop\airace\project1\project1\x64\debug\player.obj
c:\users\ilias chronopoulos\desktop\airace\project1\project1\x64\debug\missle.obj
c:\users\ilias chronopoulos\desktop\airace\project1\project1\x64\debug\main.obj
c:\users\ilias chronopoulos\desktop\airace\project1\project1\x64\debug\level.obj
c:\users\ilias chronopoulos\desktop\airace\project1\project1\x64\debug\laser.obj
c:\users\ilias chronopoulos\desktop\airace\project1\project1\x64\debug\kamikazi.obj
c:\users\ilias chronopoulos\desktop\airace\project1\project1\x64\debug\gun.obj
c:\users\ilias chronopoulos\desktop\airace\project1\project1\x64\debug\gamestate.obj
c:\users\ilias chronopoulos\desktop\airace\project1\project1\x64\debug\gameobject.obj
c:\users\ilias chronopoulos\desktop\airace\project1\project1\x64\debug\fire.obj
c:\users\ilias chronopoulos\desktop\airace\project1\project1\x64\debug\fighter.obj
c:\users\ilias chronopoulos\desktop\airace\project1\project1\x64\debug\explosion.obj
c:\users\ilias chronopoulos\desktop\airace\project1\project1\x64\debug\enemy_spawner.obj
c:\users\ilias chronopoulos\desktop\airace\project1\project1\x64\debug\enemy.obj
c:\users\ilias chronopoulos\desktop\airace\project1\project1\x64\debug\carrier.obj
c:\users\ilias chronopoulos\desktop\airace\project1\project1\x64\debug\bomber.obj
c:\users\ilias chronopoulos\desktop\airace\project1\project1\x64\debug\battleship.obj
c:\users\ilias chronopoulos\desktop\airace\project1\project1\x64\debug\ally_fighter.obj
c:\users\ilias chronopoulos\desktop\airace\project1\project1\x64\debug\screenlevel.obj
c:\users\ilias chronopoulos\desktop\airace\project1\bin\project1.exe
c:\users\ilias chronopoulos\desktop\airace\project1\bin\project1.pdb
c:\users\ilias chronopoulos\desktop\airace\project1\project1\x64\debug\project1.ilk
c:\users\ilias chronopoulos\desktop\airace\project1\project1\x64\debug\project1.tlog\cl.command.1.tlog
c:\users\ilias chronopoulos\desktop\airace\project1\project1\x64\debug\project1.tlog\cl.items.tlog
c:\users\ilias chronopoulos\desktop\airace\project1\project1\x64\debug\project1.tlog\cl.read.1.tlog
c:\users\ilias chronopoulos\desktop\airace\project1\project1\x64\debug\project1.tlog\cl.write.1.tlog
c:\users\ilias chronopoulos\desktop\airace\project1\project1\x64\debug\project1.tlog\link.command.1.tlog
c:\users\ilias chronopoulos\desktop\airace\project1\project1\x64\debug\project1.tlog\link.read.1.tlog
c:\users\ilias chronopoulos\desktop\airace\project1\project1\x64\debug\project1.tlog\link.secondary.1.tlog
c:\users\ilias chronopoulos\desktop\airace\project1\project1\x64\debug\project1.tlog\link.write.1.tlog
